mode: set
github.com/rawdaGastan/tfgrid_monitoring_bot/internal/monitor.go:49.67,53.16 3 1
github.com/rawdaGastan/tfgrid_monitoring_bot/internal/monitor.go:57.2,58.16 2 1
github.com/rawdaGastan/tfgrid_monitoring_bot/internal/monitor.go:62.2,63.16 2 1
github.com/rawdaGastan/tfgrid_monitoring_bot/internal/monitor.go:67.2,68.16 2 1
github.com/rawdaGastan/tfgrid_monitoring_bot/internal/monitor.go:72.2,77.35 4 1
github.com/rawdaGastan/tfgrid_monitoring_bot/internal/monitor.go:80.2,80.35 1 1
github.com/rawdaGastan/tfgrid_monitoring_bot/internal/monitor.go:84.2,86.17 2 1
github.com/rawdaGastan/tfgrid_monitoring_bot/internal/monitor.go:53.16,55.3 1 1
github.com/rawdaGastan/tfgrid_monitoring_bot/internal/monitor.go:58.16,60.3 1 1
github.com/rawdaGastan/tfgrid_monitoring_bot/internal/monitor.go:63.16,65.3 1 1
github.com/rawdaGastan/tfgrid_monitoring_bot/internal/monitor.go:68.16,70.3 1 1
github.com/rawdaGastan/tfgrid_monitoring_bot/internal/monitor.go:77.35,79.3 1 1
github.com/rawdaGastan/tfgrid_monitoring_bot/internal/monitor.go:80.35,82.3 1 1
github.com/rawdaGastan/tfgrid_monitoring_bot/internal/monitor.go:90.33,93.21 2 0
github.com/rawdaGastan/tfgrid_monitoring_bot/internal/monitor.go:113.2,113.12 1 0
github.com/rawdaGastan/tfgrid_monitoring_bot/internal/monitor.go:93.21,94.45 1 0
github.com/rawdaGastan/tfgrid_monitoring_bot/internal/monitor.go:94.45,97.19 2 0
github.com/rawdaGastan/tfgrid_monitoring_bot/internal/monitor.go:104.4,104.36 1 0
github.com/rawdaGastan/tfgrid_monitoring_bot/internal/monitor.go:98.21,99.32 1 0
github.com/rawdaGastan/tfgrid_monitoring_bot/internal/monitor.go:100.21,101.32 1 0
github.com/rawdaGastan/tfgrid_monitoring_bot/internal/monitor.go:104.36,107.19 3 0
github.com/rawdaGastan/tfgrid_monitoring_bot/internal/monitor.go:107.19,109.6 1 0
github.com/rawdaGastan/tfgrid_monitoring_bot/internal/monitor.go:117.43,119.2 1 0
github.com/rawdaGastan/tfgrid_monitoring_bot/internal/monitor.go:123.78,125.16 2 1
github.com/rawdaGastan/tfgrid_monitoring_bot/internal/monitor.go:129.2,129.31 1 0
github.com/rawdaGastan/tfgrid_monitoring_bot/internal/monitor.go:133.2,143.16 4 0
github.com/rawdaGastan/tfgrid_monitoring_bot/internal/monitor.go:146.2,146.32 1 0
github.com/rawdaGastan/tfgrid_monitoring_bot/internal/monitor.go:150.2,151.12 2 0
github.com/rawdaGastan/tfgrid_monitoring_bot/internal/monitor.go:125.16,127.3 1 1
github.com/rawdaGastan/tfgrid_monitoring_bot/internal/monitor.go:129.31,131.3 1 0
github.com/rawdaGastan/tfgrid_monitoring_bot/internal/monitor.go:143.16,145.3 1 0
github.com/rawdaGastan/tfgrid_monitoring_bot/internal/monitor.go:146.32,148.3 1 0
github.com/rawdaGastan/tfgrid_monitoring_bot/internal/monitor.go:155.84,159.16 3 1
github.com/rawdaGastan/tfgrid_monitoring_bot/internal/monitor.go:162.2,165.16 3 1
github.com/rawdaGastan/tfgrid_monitoring_bot/internal/monitor.go:169.2,170.16 2 0
github.com/rawdaGastan/tfgrid_monitoring_bot/internal/monitor.go:174.2,174.39 1 0
github.com/rawdaGastan/tfgrid_monitoring_bot/internal/monitor.go:159.16,161.3 1 0
github.com/rawdaGastan/tfgrid_monitoring_bot/internal/monitor.go:165.16,167.3 1 1
github.com/rawdaGastan/tfgrid_monitoring_bot/internal/monitor.go:170.16,172.3 1 0
github.com/rawdaGastan/tfgrid_monitoring_bot/internal/parsers.go:12.44,14.16 2 1
github.com/rawdaGastan/tfgrid_monitoring_bot/internal/parsers.go:18.2,18.21 1 1
github.com/rawdaGastan/tfgrid_monitoring_bot/internal/parsers.go:14.16,16.3 1 1
github.com/rawdaGastan/tfgrid_monitoring_bot/internal/parsers.go:21.61,25.16 3 1
github.com/rawdaGastan/tfgrid_monitoring_bot/internal/parsers.go:29.2,30.40 2 1
github.com/rawdaGastan/tfgrid_monitoring_bot/internal/parsers.go:36.2,36.40 1 1
github.com/rawdaGastan/tfgrid_monitoring_bot/internal/parsers.go:42.2,42.21 1 1
github.com/rawdaGastan/tfgrid_monitoring_bot/internal/parsers.go:25.16,27.3 1 0
github.com/rawdaGastan/tfgrid_monitoring_bot/internal/parsers.go:30.40,32.3 1 1
github.com/rawdaGastan/tfgrid_monitoring_bot/internal/parsers.go:32.8,34.3 1 1
github.com/rawdaGastan/tfgrid_monitoring_bot/internal/parsers.go:36.40,38.3 1 1
github.com/rawdaGastan/tfgrid_monitoring_bot/internal/parsers.go:38.8,40.3 1 1
github.com/rawdaGastan/tfgrid_monitoring_bot/internal/parsers.go:45.47,55.60 8 1
github.com/rawdaGastan/tfgrid_monitoring_bot/internal/parsers.go:94.2,94.9 1 1
github.com/rawdaGastan/tfgrid_monitoring_bot/internal/parsers.go:109.2,116.8 1 1
github.com/rawdaGastan/tfgrid_monitoring_bot/internal/parsers.go:55.60,57.23 2 1
github.com/rawdaGastan/tfgrid_monitoring_bot/internal/parsers.go:60.3,62.14 2 1
github.com/rawdaGastan/tfgrid_monitoring_bot/internal/parsers.go:57.23,58.12 1 1
github.com/rawdaGastan/tfgrid_monitoring_bot/internal/parsers.go:63.27,64.24 1 1
github.com/rawdaGastan/tfgrid_monitoring_bot/internal/parsers.go:66.27,67.24 1 1
github.com/rawdaGastan/tfgrid_monitoring_bot/internal/parsers.go:69.21,71.18 2 1
github.com/rawdaGastan/tfgrid_monitoring_bot/internal/parsers.go:74.4,74.20 1 1
github.com/rawdaGastan/tfgrid_monitoring_bot/internal/parsers.go:76.20,77.20 1 1
github.com/rawdaGastan/tfgrid_monitoring_bot/internal/parsers.go:79.18,80.18 1 1
github.com/rawdaGastan/tfgrid_monitoring_bot/internal/parsers.go:82.15,84.18 2 1
github.com/rawdaGastan/tfgrid_monitoring_bot/internal/parsers.go:87.4,87.23 1 1
github.com/rawdaGastan/tfgrid_monitoring_bot/internal/parsers.go:89.11,90.52 1 1
github.com/rawdaGastan/tfgrid_monitoring_bot/internal/parsers.go:71.18,73.5 1 1
github.com/rawdaGastan/tfgrid_monitoring_bot/internal/parsers.go:84.18,86.5 1 1
github.com/rawdaGastan/tfgrid_monitoring_bot/internal/parsers.go:95.26,96.56 1 1
github.com/rawdaGastan/tfgrid_monitoring_bot/internal/parsers.go:97.26,98.56 1 1
github.com/rawdaGastan/tfgrid_monitoring_bot/internal/parsers.go:99.21,100.44 1 1
github.com/rawdaGastan/tfgrid_monitoring_bot/internal/parsers.go:101.22,102.49 1 1
github.com/rawdaGastan/tfgrid_monitoring_bot/internal/parsers.go:103.20,104.47 1 1
github.com/rawdaGastan/tfgrid_monitoring_bot/internal/parsers.go:105.17,106.38 1 1
